Change component parameters: Designator = "C30"; Footprint = "CAPC2012X06N"; UniqueID = "\SAHVFXKX"
Change component parameters. Clean all parameters for all variants
Change component parameters (AddParameter): Name = "LatestRevisionDate"; Value = "29-May-2009"; VariantName = "[No Variations]"
Change component parameters (AddParameter): Name = "LatestRevisionNote"; Value = "IPC-7351 Footprint Added."; VariantName = "[No Variations]"
Change component parameters (AddParameter): Name = "PackageDescription"; Value = "Chip Capacitor"; VariantName = "[No Variations]"
Change component parameters (AddParameter): Name = "PackageReference"; Value = "C0805"; VariantName = "[No Variations]"
Change component parameters (AddParameter): Name = "Published"; Value = "8-Jun-2000"; VariantName = "[No Variations]"
Change component parameters (AddParameter): Name = "Publisher"; Value = "Altium Limited"; VariantName = "[No Variations]"
Change component parameters (AddParameter): Name = "Value"; Value = "15µF"; VariantName = "[No Variations]"
Change component parameters: Designator = "C31"; Footprint = "CAPC2012X06N"; UniqueID = "\TJNWDEPQ"
Change component parameters. Clean all parameters for all variants
Change component parameters (AddParameter): Name = "LatestRevisionDate"; Value = "29-May-2009"; VariantName = "[No Variations]"
Change component parameters (AddParameter): Name = "LatestRevisionNote"; Value = "IPC-7351 Footprint Added."; VariantName = "[No Variations]"
Change component parameters (AddParameter): Name = "PackageDescription"; Value = "Chip Capacitor"; VariantName = "[No Variations]"
Change component parameters (AddParameter): Name = "PackageReference"; Value = "C0805"; VariantName = "[No Variations]"
Change component parameters (AddParameter): Name = "Published"; Value = "8-Jun-2000"; VariantName = "[No Variations]"
Change component parameters (AddParameter): Name = "Publisher"; Value = "Altium Limited"; VariantName = "[No Variations]"
Change component parameters (AddParameter): Name = "Value"; Value = "30µF"; VariantName = "[No Variations]"
Change component parameters: Designator = "C32"; Footprint = "CAPC2012X06N"; UniqueID = "\NOABUOBR"
Change component parameters. Clean all parameters for all variants
Change component parameters (AddParameter): Name = "LatestRevisionDate"; Value = "29-May-2009"; VariantName = "[No Variations]"
Change component parameters (AddParameter): Name = "LatestRevisionNote"; Value = "IPC-7351 Footprint Added."; VariantName = "[No Variations]"
Change component parameters (AddParameter): Name = "PackageDescription"; Value = "Chip Capacitor"; VariantName = "[No Variations]"
Change component parameters (AddParameter): Name = "PackageReference"; Value = "C0805"; VariantName = "[No Variations]"
Change component parameters (AddParameter): Name = "Published"; Value = "8-Jun-2000"; VariantName = "[No Variations]"
Change component parameters (AddParameter): Name = "Publisher"; Value = "Altium Limited"; VariantName = "[No Variations]"
Change component parameters (AddParameter): Name = "Value"; Value = "3.3µF"; VariantName = "[No Variations]"
Change component parameters: Designator = "C35"; Footprint = "CAPC2012X06N"; UniqueID = "\TNLLHQUI"
Change component parameters. Clean all parameters for all variants
Change component parameters (AddParameter): Name = "LatestRevisionDate"; Value = "29-May-2009"; VariantName = "[No Variations]"
Change component parameters (AddParameter): Name = "LatestRevisionNote"; Value = "IPC-7351 Footprint Added."; VariantName = "[No Variations]"
Change component parameters (AddParameter): Name = "PackageDescription"; Value = "Chip Capacitor"; VariantName = "[No Variations]"
Change component parameters (AddParameter): Name = "PackageReference"; Value = "C0805"; VariantName = "[No Variations]"
Change component parameters (AddParameter): Name = "Published"; Value = "8-Jun-2000"; VariantName = "[No Variations]"
Change component parameters (AddParameter): Name = "Publisher"; Value = "Altium Limited"; VariantName = "[No Variations]"
Change component parameters (AddParameter): Name = "Value"; Value = "15µF"; VariantName = "[No Variations]"
Change component parameters: Designator = "C36"; Footprint = "CAPC2012X06N"; UniqueID = "\ODUIJSVX"
Change component parameters. Clean all parameters for all variants
Change component parameters (AddParameter): Name = "LatestRevisionDate"; Value = "29-May-2009"; VariantName = "[No Variations]"
Change component parameters (AddParameter): Name = "LatestRevisionNote"; Value = "IPC-7351 Footprint Added."; VariantName = "[No Variations]"
Change component parameters (AddParameter): Name = "PackageDescription"; Value = "Chip Capacitor"; VariantName = "[No Variations]"
Change component parameters (AddParameter): Name = "PackageReference"; Value = "C0805"; VariantName = "[No Variations]"
Change component parameters (AddParameter): Name = "Published"; Value = "8-Jun-2000"; VariantName = "[No Variations]"
Change component parameters (AddParameter): Name = "Publisher"; Value = "Altium Limited"; VariantName = "[No Variations]"
Change component parameters (AddParameter): Name = "Value"; Value = "30µF"; VariantName = "[No Variations]"
Added Pin To Net: NetName=VCC Pin=C18-1
Added Pin To Net: NetName=GND Pin=C18-2
Added Pin To Net: NetName=VCC Pin=C19-1
Added Pin To Net: NetName=GND Pin=C19-2
Added Pin To Net: NetName=VCC Pin=C20-1
Added Pin To Net: NetName=GND Pin=C20-2
Added Pin To Net: NetName=VCC Pin=C21-1
Added Pin To Net: NetName=GND Pin=C21-2
Added Pin To Net: NetName=VCC Pin=C22-1
Added Pin To Net: NetName=GND Pin=C22-2
Added Pin To Net: NetName=VCC Pin=C23-1
Added Pin To Net: NetName=GND Pin=C23-2
Added Pin To Net: NetName=BSPD Pin=OR _GATE_1-1
Added Pin To Net: NetName=Delay_out Pin=OR _GATE_1-2
Added Pin To Net: NetName=GND Pin=OR _GATE_1-3
Added Pin To Net: NetName=VCC Pin=OR _GATE_1-4
Added Pin To Net: NetName=BSPD_OR Pin=OR _GATE_1-5
Added Pin To Net: NetName=IMD Pin=OR _GATE_2-1
Added Pin To Net: NetName=Delay_out Pin=OR _GATE_2-2
Added Pin To Net: NetName=GND Pin=OR _GATE_2-3
Added Pin To Net: NetName=VCC Pin=OR _GATE_2-4
Added Pin To Net: NetName=IMD_OR Pin=OR _GATE_2-5
Added Pin To Net: NetName=BMS Pin=OR _GATE_3-1
Added Pin To Net: NetName=Delay_out Pin=OR _GATE_3-2
Added Pin To Net: NetName=GND Pin=OR _GATE_3-3
Added Pin To Net: NetName=VCC Pin=OR _GATE_3-4
Added Pin To Net: NetName=BMS_OR Pin=OR _GATE_3-5
Added Pin To Net: NetName=VCC Pin=R28-1
Added Pin To Net: NetName=NetR28_2 Pin=R28-2
Added Pin To Net: NetName=GND Pin=R29-1
Added Pin To Net: NetName=NetR28_2 Pin=R29-2
Added Pin To Net: NetName=VCC Pin=R30-1
Added Pin To Net: NetName=NetR30_2 Pin=R30-2
Added Pin To Net: NetName=GND Pin=R31-1
Added Pin To Net: NetName=NetR30_2 Pin=R31-2
Added Pin To Net: NetName=VCC Pin=R32-1
Added Pin To Net: NetName=NetR32_2 Pin=R32-2
Added Pin To Net: NetName=GND Pin=R33-1
Added Pin To Net: NetName=NetR32_2 Pin=R33-2
Added Pin To Net: NetName=BSPD_OR Pin=ULN2004ADR_1-1
Added Pin To Net: NetName=IMD_OR Pin=ULN2004ADR_1-4
Added Pin To Net: NetName=BMS_OR Pin=ULN2004ADR_1-7
Added Pin To Net: NetName=GND Pin=ULN2004ADR_1-8
Added Pin To Net: NetName=12V Pin=ULN2004ADR_1-9
Added Pin To Net: NetName=Netc27_1 Pin=ULN2004ADR_1-10
Added Pin To Net: NetName=Netc26_1 Pin=ULN2004ADR_1-13
Added Pin To Net: NetName=Netc25_1 Pin=ULN2004ADR_1-16
Added Pin To Net: NetName=NetR28_2 Pin=XOR _GATE_1-1
Added Pin To Net: NetName=BSPD_Signal Pin=XOR _GATE_1-2
Added Pin To Net: NetName=GND Pin=XOR _GATE_1-3
Added Pin To Net: NetName=VCC Pin=XOR _GATE_1-4
Added Pin To Net: NetName=BSPD Pin=XOR _GATE_1-5
Added Pin To Net: NetName=NetR30_2 Pin=XOR _GATE_2-1
Added Pin To Net: NetName=IMD_Signal Pin=XOR _GATE_2-2
Added Pin To Net: NetName=GND Pin=XOR _GATE_2-3
Added Pin To Net: NetName=VCC Pin=XOR _GATE_2-4
Added Pin To Net: NetName=IMD Pin=XOR _GATE_2-5
Added Pin To Net: NetName=NetR32_2 Pin=XOR _GATE_3-1
Added Pin To Net: NetName=BMS_Signal Pin=XOR _GATE_3-2
Added Pin To Net: NetName=GND Pin=XOR _GATE_3-3
Added Pin To Net: NetName=VCC Pin=XOR _GATE_3-4
Added Pin To Net: NetName=BMS Pin=XOR _GATE_3-5
Added Member To Class: ClassName=Dash Member=Component C18 Cap Pol3
Added Member To Class: ClassName=Dash Member=Component C19 Cap Pol3
Added Member To Class: ClassName=Dash Member=Component C20 Cap Pol3
Added Member To Class: ClassName=Dash Member=Component C21 Cap Pol3
Added Member To Class: ClassName=Dash Member=Component C22 Cap Pol3
Added Member To Class: ClassName=Dash Member=Component C23 Cap Pol3
Added Member To Class: ClassName=Dash Member=Component OR _GATE_1 SN74AHC1G32DBVR
Added Member To Class: ClassName=Dash Member=Component OR _GATE_2 SN74AHC1G32DBVR
Added Member To Class: ClassName=Dash Member=Component OR _GATE_3 SN74AHC1G32DBVR
Added Member To Class: ClassName=Dash Member=Component R28 0805
Added Member To Class: ClassName=Dash Member=Component R29 0805
Added Member To Class: ClassName=Dash Member=Component R30 0805
Added Member To Class: ClassName=Dash Member=Component R31 0805
Added Member To Class: ClassName=Dash Member=Component R32 0805
Added Member To Class: ClassName=Dash Member=Component R33 0805
Added Member To Class: ClassName=Dash Member=Component ULN2004ADR_1 Darlington Transistors Hi-Vltg Hi-Crnt Darl Transistor Arrays
Added Member To Class: ClassName=Dash Member=Component XOR _GATE_1 SN74AHC1G32DBVR
Added Member To Class: ClassName=Dash Member=Component XOR _GATE_2 SN74AHC1G32DBVR
Added Member To Class: ClassName=Dash Member=Component XOR _GATE_3 SN74AHC1G32DBVR
Added Room: Name=Dash
Added Room: Name=Turtlelogger
