Change Component Footprint: Designator=C1 Old Footprint=C0805 New Footprint=CAPC2012X06N
Change Component Footprint: Designator=C2 Old Footprint=C0805 New Footprint=CAPC2012X06N
Change Component Footprint: Designator=C3 Old Footprint=C0805 New Footprint=CAPC2012X06N
Change Component Footprint: Designator=C4 Old Footprint=C0805 New Footprint=CAPC2012X06N
Change Component Footprint: Designator=C5 Old Footprint=C0805 New Footprint=CAPC2012X06N
Change Component Footprint: Designator=C6 Old Footprint=C0805 New Footprint=CAPC2012X06N
Change Component Footprint: Designator=C8 Old Footprint=C0805 New Footprint=CAPC2012X06N
Change Component Footprint: Designator=C9 Old Footprint=C0805 New Footprint=CAPC2012X06N
Change Component Footprint: Designator=C10 Old Footprint=C0805 New Footprint=CAPC2012X06N
Change Component Footprint: Designator=C11 Old Footprint=C0805 New Footprint=CAPC2012X06N
Change Component Footprint: Designator=C12 Old Footprint=C0805 New Footprint=CAPC2012X06N
Change Component Footprint: Designator=C13 Old Footprint=C0805 New Footprint=CAPC2012X06N
Change Component Footprint: Designator=C14 Old Footprint=C0805 New Footprint=CAPC2012X06N
Change Component Footprint: Designator=C15 Old Footprint=C0805 New Footprint=CAPC2012X06N
Change Component Footprint: Designator=C16 Old Footprint=C0805 New Footprint=CAPC2012X06N
Change Component Footprint: Designator=C17 Old Footprint=C0805 New Footprint=CAPC2012X06N
Change Component Footprint: Designator=C18 Old Footprint=C0805 New Footprint=CAPC2012X06N
Change Component Footprint: Designator=C19 Old Footprint=C0805 New Footprint=CAPC2012X06N
Change Component Footprint: Designator=C20 Old Footprint=C0805 New Footprint=CAPC2012X06N
Change Component Footprint: Designator=C21 Old Footprint=C0805 New Footprint=CAPC2012X06N
Change Component Footprint: Designator=C22 Old Footprint=C0805 New Footprint=CAPC2012X06N
Change Component Footprint: Designator=C23 Old Footprint=C0805 New Footprint=CAPC2012X06N
Change Component Footprint: Designator=c25 Old Footprint=C0805 New Footprint=CAPC2012X06N
Change Component Footprint: Designator=c26 Old Footprint=C0805 New Footprint=CAPC2012X06N
Change Component Footprint: Designator=c27 Old Footprint=C0805 New Footprint=CAPC2012X06N
Change Component Footprint: Designator=C28 Old Footprint=C0805 New Footprint=CAPC2012X06N
Change Component Footprint: Designator=C29 Old Footprint=C0805 New Footprint=CAPC2012X06N
Change Component Footprint: Designator=C30 Old Footprint=C0805 New Footprint=CAPC2012X06N
Change Component Footprint: Designator=C31 Old Footprint=C0805 New Footprint=CAPC2012X06N
Change Component Footprint: Designator=C32 Old Footprint=C0805 New Footprint=CAPC2012X06N
Change component parameters: Designator = "C30"; Footprint = "CAPC2012X06N"; UniqueID = "\SAHVFXKX"
Change component parameters. Clean all parameters for all variants
Change component parameters (AddParameter): Name = "LatestRevisionDate"; Value = "29-May-2009"; VariantName = "[No Variations]"
Change component parameters (AddParameter): Name = "LatestRevisionNote"; Value = "IPC-7351 Footprint Added."; VariantName = "[No Variations]"
Change component parameters (AddParameter): Name = "PackageDescription"; Value = "Chip Capacitor"; VariantName = "[No Variations]"
Change component parameters (AddParameter): Name = "PackageReference"; Value = "C0805"; VariantName = "[No Variations]"
Change component parameters (AddParameter): Name = "Published"; Value = "8-Jun-2000"; VariantName = "[No Variations]"
Change component parameters (AddParameter): Name = "Publisher"; Value = "Altium Limited"; VariantName = "[No Variations]"
Change component parameters (AddParameter): Name = "Value"; Value = "15µF"; VariantName = "[No Variations]"
Change component parameters: Designator = "C31"; Footprint = "CAPC2012X06N"; UniqueID = "\TJNWDEPQ"
Change component parameters. Clean all parameters for all variants
Change component parameters (AddParameter): Name = "LatestRevisionDate"; Value = "29-May-2009"; VariantName = "[No Variations]"
Change component parameters (AddParameter): Name = "LatestRevisionNote"; Value = "IPC-7351 Footprint Added."; VariantName = "[No Variations]"
Change component parameters (AddParameter): Name = "PackageDescription"; Value = "Chip Capacitor"; VariantName = "[No Variations]"
Change component parameters (AddParameter): Name = "PackageReference"; Value = "C0805"; VariantName = "[No Variations]"
Change component parameters (AddParameter): Name = "Published"; Value = "8-Jun-2000"; VariantName = "[No Variations]"
Change component parameters (AddParameter): Name = "Publisher"; Value = "Altium Limited"; VariantName = "[No Variations]"
Change component parameters (AddParameter): Name = "Value"; Value = "30µF"; VariantName = "[No Variations]"
Change component parameters: Designator = "C32"; Footprint = "CAPC2012X06N"; UniqueID = "\NOABUOBR"
Change component parameters. Clean all parameters for all variants
Change component parameters (AddParameter): Name = "LatestRevisionDate"; Value = "29-May-2009"; VariantName = "[No Variations]"
Change component parameters (AddParameter): Name = "LatestRevisionNote"; Value = "IPC-7351 Footprint Added."; VariantName = "[No Variations]"
Change component parameters (AddParameter): Name = "PackageDescription"; Value = "Chip Capacitor"; VariantName = "[No Variations]"
Change component parameters (AddParameter): Name = "PackageReference"; Value = "C0805"; VariantName = "[No Variations]"
Change component parameters (AddParameter): Name = "Published"; Value = "8-Jun-2000"; VariantName = "[No Variations]"
Change component parameters (AddParameter): Name = "Publisher"; Value = "Altium Limited"; VariantName = "[No Variations]"
Change component parameters (AddParameter): Name = "Value"; Value = "3.3µF"; VariantName = "[No Variations]"
