Removed Pin From Net: NetName=GND Pin=6473418-2-1
Removed Pin From Net: NetName=BSPD_Signal Pin=6473418-2-5
Removed Pin From Net: NetName=IMD_Signal Pin=6473418-2-6
Removed Pin From Net: NetName=BMS_Signal Pin=6473418-2-7
Removed Pin From Net: NetName=VCC Pin=6473418-2-9
Removed Pin From Net: NetName=Net4-pin-molex-ultra_2 Pin=6473418-2-10
Removed Pin From Net: NetName=Net4-pin-molex-ultra_1 Pin=6473418-2-11
Removed Pin From Net: NetName=GND Pin=6473418-2-15
Removed Pin From Net: NetName=GND Pin=6473418-2-16
Removed Pin From Net: NetName=GND Pin=6473418-2-17
Removed Pin From Net: NetName=GND Pin=6473418-2-19
Removed Member From Class: ClassName=Dash Member=6473418-2
Added Component: Designator=H1(PCBComponent_1)
Add component. Clean all parameters for all variants
Added Pin To Net: NetName=GND Pin=H1-1
Added Pin To Net: NetName=BSPD_Signal Pin=H1-5
Added Pin To Net: NetName=IMD_Signal Pin=H1-6
Added Pin To Net: NetName=BMS_Signal Pin=H1-7
Added Pin To Net: NetName=VCC Pin=H1-9
Added Pin To Net: NetName=Net4-pin-molex-ultra_2 Pin=H1-10
Added Pin To Net: NetName=Net4-pin-molex-ultra_1 Pin=H1-11
Added Pin To Net: NetName=GND Pin=H1-13
Added Pin To Net: NetName=GND Pin=H1-14
Added Pin To Net: NetName=GND Pin=H1-15
Added Pin To Net: NetName=GND Pin=H1-17
Added Member To Class: ClassName=Dash Member=Component H1 1-776200-1
