Removed Pin From Net: NetName=Net6473418-2_21 Pin=C1-1
Removed Pin From Net: NetName=Net6473418-2_22 Pin=C2-1
Removed Pin From Net: NetName=Net6473418-2_23 Pin=C3-1
Removed Pin From Net: NetName=Net6473418-2_24 Pin=C4-1
Removed Pin From Net: NetName=Net6473418-2_25 Pin=C5-1
Removed Pin From Net: NetName=Net6473418-2_26 Pin=C6-1
Removed Pin From Net: NetName=Net6473418-2_21 Pin=R1-2
Removed Pin From Net: NetName=Net6473418-2_22 Pin=R2-2
Removed Pin From Net: NetName=Net6473418-2_23 Pin=R3-2
Removed Pin From Net: NetName=Net6473418-2_24 Pin=R4-2
Removed Pin From Net: NetName=Net6473418-2_25 Pin=R5-2
Removed Pin From Net: NetName=Net6473418-2_26 Pin=R6-2
Removed Pin From Net: NetName=Net6473418-2_1_26 Pin=R11-1
Removed Pin From Net: NetName=Net6473418-2_1_25 Pin=R12-1
Removed Pin From Net: NetName=Net6473418-2_1_24 Pin=R13-1
Removed Pin From Net: NetName=Net6473418-2_1_23 Pin=R14-1
Removed Pin From Net: NetName=Net6473418-2_1_22 Pin=R15-1
Removed Pin From Net: NetName=Net6473418-2_1_21 Pin=R16-1
Removed Pin From Net: NetName=Net6473418-2_1_21 Pin=R19-2
Removed Pin From Net: NetName=Net6473418-2_1_22 Pin=R20-2
Removed Pin From Net: NetName=Net6473418-2_1_23 Pin=R21-2
Removed Pin From Net: NetName=Net6473418-2_1_24 Pin=R22-2
Removed Pin From Net: NetName=Net6473418-2_1_25 Pin=R23-2
Removed Pin From Net: NetName=Net6473418-2_1_26 Pin=R24-2
Added Component: Designator=6473418-2_1(6473418-2)
Add component. Clean all parameters for all variants
Added Component: Designator=6473418-2(6473418-2)
Add component. Clean all parameters for all variants
Added Pin To Net: NetName=BSPD_Signal Pin=6473418-2-5
Added Pin To Net: NetName=IMD_Signal Pin=6473418-2-6
Added Pin To Net: NetName=BMS_Signal Pin=6473418-2-7
Added Pin To Net: NetName=Reg Pin=6473418-2-14
Added Pin To Net: NetName=GND Pin=6473418-2-15
Added Pin To Net: NetName=GND Pin=6473418-2-16
Added Pin To Net: NetName=GND Pin=6473418-2-17
Added Pin To Net: NetName=GND Pin=6473418-2-19
Added Pin To Net: NetName=Net6473418-2_21 Pin=6473418-2-21
Added Pin To Net: NetName=Net6473418-2_22 Pin=6473418-2-22
Added Pin To Net: NetName=Net6473418-2_23 Pin=6473418-2-23
Added Pin To Net: NetName=Net6473418-2_24 Pin=6473418-2-24
Added Pin To Net: NetName=Net6473418-2_25 Pin=6473418-2-25
Added Pin To Net: NetName=Net6473418-2_26 Pin=6473418-2-26
Added Pin To Net: NetName=24V Pin=6473418-2_1-20
Added Pin To Net: NetName=Net6473418-2_1_21 Pin=6473418-2_1-21
Added Pin To Net: NetName=Net6473418-2_1_22 Pin=6473418-2_1-22
Added Pin To Net: NetName=Net6473418-2_1_23 Pin=6473418-2_1-23
Added Pin To Net: NetName=Net6473418-2_1_24 Pin=6473418-2_1-24
Added Pin To Net: NetName=Net6473418-2_1_25 Pin=6473418-2_1-25
Added Pin To Net: NetName=Net6473418-2_1_26 Pin=6473418-2_1-26
Added Pin To Net: NetName=Net6473418-2_1_21 Pin=C1-1
Added Pin To Net: NetName=Net6473418-2_1_22 Pin=C2-1
Added Pin To Net: NetName=Net6473418-2_1_23 Pin=C3-1
Added Pin To Net: NetName=Net6473418-2_1_24 Pin=C4-1
Added Pin To Net: NetName=Net6473418-2_1_25 Pin=C5-1
Added Pin To Net: NetName=Net6473418-2_1_26 Pin=C6-1
Added Pin To Net: NetName=Net6473418-2_1_21 Pin=R1-2
Added Pin To Net: NetName=Net6473418-2_1_22 Pin=R2-2
Added Pin To Net: NetName=Net6473418-2_1_23 Pin=R3-2
Added Pin To Net: NetName=Net6473418-2_1_24 Pin=R4-2
Added Pin To Net: NetName=Net6473418-2_1_25 Pin=R5-2
Added Pin To Net: NetName=Net6473418-2_1_26 Pin=R6-2
Added Pin To Net: NetName=Net6473418-2_26 Pin=R11-1
Added Pin To Net: NetName=Net6473418-2_25 Pin=R12-1
Added Pin To Net: NetName=Net6473418-2_24 Pin=R13-1
Added Pin To Net: NetName=Net6473418-2_23 Pin=R14-1
Added Pin To Net: NetName=Net6473418-2_22 Pin=R15-1
Added Pin To Net: NetName=Net6473418-2_21 Pin=R16-1
Added Pin To Net: NetName=Net6473418-2_21 Pin=R19-2
Added Pin To Net: NetName=Net6473418-2_22 Pin=R20-2
Added Pin To Net: NetName=Net6473418-2_23 Pin=R21-2
Added Pin To Net: NetName=Net6473418-2_24 Pin=R22-2
Added Pin To Net: NetName=Net6473418-2_25 Pin=R23-2
Added Pin To Net: NetName=Net6473418-2_26 Pin=R24-2
Added Pin To Net: NetName=Net6473418-2_1_1 Pin=6473418-2_1-1
Added Pin To Net: NetName=Net6473418-2_1_1 Pin=ULN2004ADR2-11
Added Net: Name=Net6473418-2_1_1
Added Pin To Net: NetName=Net6473418-2_1_2 Pin=6473418-2_1-2
Added Pin To Net: NetName=Net6473418-2_1_2 Pin=ULN2004ADR2-12
Added Net: Name=Net6473418-2_1_2
Added Pin To Net: NetName=Net6473418-2_1_3 Pin=6473418-2_1-3
Added Pin To Net: NetName=Net6473418-2_1_3 Pin=ULN2004ADR2-13
Added Net: Name=Net6473418-2_1_3
Added Pin To Net: NetName=Net6473418-2_1_4 Pin=6473418-2_1-4
Added Pin To Net: NetName=Net6473418-2_1_4 Pin=ULN2004ADR2-14
Added Net: Name=Net6473418-2_1_4
Added Pin To Net: NetName=Net6473418-2_1_5 Pin=6473418-2_1-5
Added Pin To Net: NetName=Net6473418-2_1_5 Pin=ULN2004ADR2-15
Added Net: Name=Net6473418-2_1_5
Added Pin To Net: NetName=Net6473418-2_1_6 Pin=6473418-2_1-6
Added Pin To Net: NetName=Net6473418-2_1_6 Pin=ULN2004ADR2-16
Added Net: Name=Net6473418-2_1_6
Added Pin To Net: NetName=Net6473418-2_1_7 Pin=6473418-2_1-7
Added Pin To Net: NetName=Net6473418-2_1_7 Pin=Pinout-63
Added Net: Name=Net6473418-2_1_7
Added Pin To Net: NetName=Net6473418-2_1_8 Pin=6473418-2_1-8
Added Pin To Net: NetName=Net6473418-2_1_8 Pin=A0-1
Added Pin To Net: NetName=Net6473418-2_1_8 Pin=Pinout-2
Added Net: Name=Net6473418-2_1_8
Added Pin To Net: NetName=Net6473418-2_1_9 Pin=6473418-2_1-9
Added Pin To Net: NetName=Net6473418-2_1_9 Pin=A2-1
Added Pin To Net: NetName=Net6473418-2_1_9 Pin=Pinout-4
Added Net: Name=Net6473418-2_1_9
Added Pin To Net: NetName=Net6473418-2_1_10 Pin=6473418-2_1-10
Added Pin To Net: NetName=Net6473418-2_1_10 Pin=Pinout-64
Added Net: Name=Net6473418-2_1_10
Added Pin To Net: NetName=Net6473418-2_1_11 Pin=6473418-2_1-11
Added Pin To Net: NetName=Net6473418-2_1_11 Pin=A5-1
Added Pin To Net: NetName=Net6473418-2_1_11 Pin=Pinout-7
Added Net: Name=Net6473418-2_1_11
Added Pin To Net: NetName=Net6473418-2_1_12 Pin=6473418-2_1-12
Added Pin To Net: NetName=Net6473418-2_1_12 Pin=A7-1
Added Pin To Net: NetName=Net6473418-2_1_12 Pin=Pinout-9
Added Net: Name=Net6473418-2_1_12
Added Pin To Net: NetName=Net6473418-2_1_13 Pin=6473418-2_1-13
Added Pin To Net: NetName=Net6473418-2_1_13 Pin=A8-2
Added Pin To Net: NetName=Net6473418-2_1_13 Pin=Pinout-10
Added Net: Name=Net6473418-2_1_13
Added Pin To Net: NetName=Net6473418-2_1_15 Pin=6473418-2_1-15
Added Pin To Net: NetName=Net6473418-2_1_15 Pin=A1-1
Added Pin To Net: NetName=Net6473418-2_1_15 Pin=Pinout-3
Added Net: Name=Net6473418-2_1_15
Added Pin To Net: NetName=Net6473418-2_1_16 Pin=6473418-2_1-16
Added Pin To Net: NetName=Net6473418-2_1_16 Pin=A3-1
Added Pin To Net: NetName=Net6473418-2_1_16 Pin=Pinout-5
Added Net: Name=Net6473418-2_1_16
Added Pin To Net: NetName=Net6473418-2_1_17 Pin=6473418-2_1-17
Added Pin To Net: NetName=Net6473418-2_1_17 Pin=A4-1
Added Pin To Net: NetName=Net6473418-2_1_17 Pin=Pinout-6
Added Net: Name=Net6473418-2_1_17
Added Pin To Net: NetName=Net6473418-2_1_18 Pin=6473418-2_1-18
Added Pin To Net: NetName=Net6473418-2_1_18 Pin=A6-1
Added Pin To Net: NetName=Net6473418-2_1_18 Pin=Pinout-8
Added Net: Name=Net6473418-2_1_18
Added Pin To Net: NetName=Net6473418-2_1_19 Pin=6473418-2_1-19
Added Pin To Net: NetName=Net6473418-2_1_19 Pin=A9-2
Added Pin To Net: NetName=Net6473418-2_1_19 Pin=Pinout-11
Added Net: Name=Net6473418-2_1_19
Added Pin To Net: NetName=Net6473418-2_20 Pin=6473418-2-20
Added Pin To Net: NetName=Net6473418-2_20 Pin=R17-1
Added Pin To Net: NetName=Net6473418-2_20 Pin=R18-2
Added Net: Name=Net6473418-2_20
Added Member To Class: ClassName=Dash Member=Component 6473418-2_1 Automotive Connectors SUPER SEAL 26POS CAP ASSY V AU
Added Member To Class: ClassName=Dash Member=Component 6473418-2 Automotive Connectors SUPER SEAL 26POS CAP ASSY V AU
