Removed Pin From Net: NetName=Net14-pin_5 Pin=6473418-2_1-6
Removed Pin From Net: NetName=24V Pin=6473418-2_1-20
Removed Pin From Net: NetName=Net14-pin_8 Pin=C1-1
Removed Pin From Net: NetName=Net14-pin_9 Pin=C2-1
Removed Pin From Net: NetName=Net14-pin_10 Pin=C3-1
Removed Pin From Net: NetName=Net14-pin_11 Pin=C4-1
Removed Pin From Net: NetName=Net6473418-2_1_25 Pin=C5-1
Removed Pin From Net: NetName=Net6473418-2_1_26 Pin=C6-1
Removed Pin From Net: NetName=GND Pin=C6-2
Removed Pin From Net: NetName=VCC Pin=F1-1
Removed Pin From Net: NetName=12V Pin=R1-1
Removed Pin From Net: NetName=Net14-pin_8 Pin=R1-2
Removed Pin From Net: NetName=12V Pin=R2-1
Removed Pin From Net: NetName=Net14-pin_9 Pin=R2-2
Removed Pin From Net: NetName=12V Pin=R3-1
Removed Pin From Net: NetName=Net14-pin_10 Pin=R3-2
Removed Pin From Net: NetName=12V Pin=R4-1
Removed Pin From Net: NetName=Net14-pin_11 Pin=R4-2
Removed Pin From Net: NetName=12V Pin=R5-1
Removed Pin From Net: NetName=Net6473418-2_1_25 Pin=R5-2
Removed Pin From Net: NetName=12V Pin=R6-1
Removed Pin From Net: NetName=Net6473418-2_1_26 Pin=R6-2
Removed Pin From Net: NetName=Net6473418-2_1_1 Pin=ULN2004ADR2-11
Removed Pin From Net: NetName=Net6473418-2_1_2 Pin=ULN2004ADR2-12
Removed Pin From Net: NetName=Net14-pin_12 Pin=ULN2004ADR2-13
Removed Pin From Net: NetName=Net14-pin_7 Pin=ULN2004ADR2-14
Removed Pin From Net: NetName=Net14-pin_6 Pin=ULN2004ADR2-15
Removed Pin From Net: NetName=Net14-pin_5 Pin=ULN2004ADR2-16
Removed Member From Class: ClassName=Dash Member=C6
Removed Member From Class: ClassName=Dash Member=R6
Added Component: Designator=2pin-molex_buzzer(PCBComponent_1)
Add component. Clean all parameters for all variants
Added Pin To Net: NetName=12V Pin=2pin-molex_buzzer-2
Added Pin To Net: NetName=Net14-pin_5 Pin=C1-1
Added Pin To Net: NetName=Net14-pin_6 Pin=C2-1
Added Pin To Net: NetName=Net14-pin_7 Pin=C3-1
Added Pin To Net: NetName=Net14-pin_12 Pin=C4-1
Added Pin To Net: NetName=Net6473418-2_1_2 Pin=C5-1
Added Pin To Net: NetName=VCC Pin=C31-1
Added Pin To Net: NetName=VCC Pin=DC/DC_5V_7.5W-3
Added Pin To Net: NetName=Net14-pin_5 Pin=R1-2
Added Pin To Net: NetName=Net14-pin_6 Pin=R2-2
Added Pin To Net: NetName=Net14-pin_7 Pin=R3-2
Added Pin To Net: NetName=Net14-pin_12 Pin=R4-2
Added Pin To Net: NetName=Net6473418-2_1_2 Pin=R5-2
Added Pin To Net: NetName=Net2pin-molex_buzzer_1 Pin=2pin-molex_buzzer-1
Added Pin To Net: NetName=Net2pin-molex_buzzer_1 Pin=ULN2004ADR2-11
Added Net: Name=Net2pin-molex_buzzer_1
Added Pin To Net: NetName=Net6473418-2_1_20 Pin=6473418-2_1-20
Added Pin To Net: NetName=Net6473418-2_1_20 Pin=F1-1
Added Net: Name=Net6473418-2_1_20
Added Pin To Net: NetName=Net6473418-2_1_21 Pin=6473418-2_1-21
Added Pin To Net: NetName=Net6473418-2_1_21 Pin=A10-2
Added Pin To Net: NetName=Net6473418-2_1_21 Pin=Pinout-12
Added Net: Name=Net6473418-2_1_21
Added Pin To Net: NetName=Net6473418-2_1_22 Pin=6473418-2_1-22
Added Pin To Net: NetName=Net6473418-2_1_22 Pin=A11-2
Added Pin To Net: NetName=Net6473418-2_1_22 Pin=Pinout-13
Added Net: Name=Net6473418-2_1_22
Added Pin To Net: NetName=Net6473418-2_1_23 Pin=6473418-2_1-23
Added Pin To Net: NetName=Net6473418-2_1_23 Pin=A12-2
Added Pin To Net: NetName=Net6473418-2_1_23 Pin=Pinout-14
Added Net: Name=Net6473418-2_1_23
Added Pin To Net: NetName=Net6473418-2_1_24 Pin=6473418-2_1-24
Added Pin To Net: NetName=Net6473418-2_1_24 Pin=A13-2
Added Pin To Net: NetName=Net6473418-2_1_24 Pin=Pinout-15
Added Net: Name=Net6473418-2_1_24
Added Pin To Net: NetName=Net6473418-2_3 Pin=6473418-2-3
Added Net: Name=Net6473418-2_3
Added Pin To Net: NetName=Net6473418-2_4 Pin=6473418-2-4
Added Net: Name=Net6473418-2_4
Added Pin To Net: NetName=NetR1_1 Pin=R1-1
Added Pin To Net: NetName=NetR1_1 Pin=ULN2004ADR2-16
Added Net: Name=NetR1_1
Added Pin To Net: NetName=NetR2_1 Pin=R2-1
Added Pin To Net: NetName=NetR2_1 Pin=ULN2004ADR2-15
Added Net: Name=NetR2_1
Added Pin To Net: NetName=NetR3_1 Pin=R3-1
Added Pin To Net: NetName=NetR3_1 Pin=ULN2004ADR2-14
Added Net: Name=NetR3_1
Added Pin To Net: NetName=NetR4_1 Pin=R4-1
Added Pin To Net: NetName=NetR4_1 Pin=ULN2004ADR2-13
Added Net: Name=NetR4_1
Added Pin To Net: NetName=NetR5_1 Pin=R5-1
Added Pin To Net: NetName=NetR5_1 Pin=ULN2004ADR2-12
Added Net: Name=NetR5_1
Added Member To Class: ClassName=Dash Member=Component 2pin-molex_buzzer 105309-1102
Added Room: Name=Dash
Added Room: Name=Turtlelogger
