Removed Pin From Net: NetName=GND Pin=B1-3
Removed Pin From Net: NetName=NetB1_2 Pin=B1-4
Removed Pin From Net: NetName=GND Pin=B2-3
Removed Pin From Net: NetName=NetB2_2 Pin=B2-4
Removed Pin From Net: NetName=GND Pin=B3-3
Removed Pin From Net: NetName=NetB3_2 Pin=B3-4
Removed Pin From Net: NetName=NetBMS_2 Pin=C27-1
Removed Pin From Net: NetName=NetBSPD_2 Pin=C91-1
Removed Pin From Net: NetName=24V Pin=DC/DC_1-1
Removed Pin From Net: NetName=GND Pin=DC/DC_1-2
Removed Pin From Net: NetName=VCC Pin=DC/DC_1-3
Removed Pin From Net: NetName=24V Pin=DC/DC_4-1
Removed Pin From Net: NetName=GND Pin=DC/DC_4-2
Removed Pin From Net: NetName=3.3V Pin=DC/DC_4-3
Removed Pin From Net: NetName=24V Pin=DC_DC_2-1
Removed Pin From Net: NetName=GND Pin=DC_DC_2-2
Removed Pin From Net: NetName=12V Pin=DC_DC_2-3
Removed Pin From Net: NetName=12V Pin=DTL-1
Removed Pin From Net: NetName=NetC1_1 Pin=DTL-2
Removed Pin From Net: NetName=24V Pin=FAN-1
Removed Pin From Net: NetName=GND Pin=FAN-3
Removed Pin From Net: NetName=Netc26_1 Pin=IMD-2
Removed Pin From Net: NetName=GND Pin=LED1-1
Removed Pin From Net: NetName=GND Pin=LED2-1
Removed Pin From Net: NetName=GND Pin=LED3-1
Removed Pin From Net: NetName=GND Pin=LED4-1
Removed Pin From Net: NetName=NetDisplay_4 Pin=Main Connector-1
Removed Pin From Net: NetName=NetDisplay_3 Pin=Main Connector-2
Removed Pin From Net: NetName=12V Pin=Main Connector-7
Removed Pin From Net: NetName=VCC Pin=Main Connector-8
Removed Pin From Net: NetName=3.3V Pin=Main Connector-9
Removed Pin From Net: NetName=NetFB Button_2 Pin=Main Connector-11
Removed Pin From Net: NetName=NetC92_2 Pin=Main Connector-14
Removed Pin From Net: NetName=NetA5_1 Pin=Main Connector-15
Removed Pin From Net: NetName=NetA7_1 Pin=Main Connector-16
Removed Pin From Net: NetName=NetA9_2 Pin=Main Connector-17
Removed Pin From Net: NetName=NetA11_2 Pin=Main Connector-18
Removed Pin From Net: NetName=NetA13_2 Pin=Main Connector-19
Removed Pin From Net: NetName=NetA15_2 Pin=Main Connector-20
Removed Pin From Net: NetName=VCC_2 Pin=Main Connector-21
Removed Pin From Net: NetName=GND Pin=Main Connector-22
Removed Pin From Net: NetName=NetA4_1 Pin=Main Connector-26
Removed Pin From Net: NetName=NetA6_1 Pin=Main Connector-27
Removed Pin From Net: NetName=NetA8_2 Pin=Main Connector-28
Removed Pin From Net: NetName=NetA10_2 Pin=Main Connector-29
Removed Pin From Net: NetName=NetA12_2 Pin=Main Connector-30
Removed Pin From Net: NetName=NetA14_2 Pin=Main Connector-31
Removed Pin From Net: NetName=BSPD_Signal Pin=Main Connector-32
Removed Pin From Net: NetName=IMD_Signal Pin=Main Connector-33
Removed Pin From Net: NetName=BMS_Signal Pin=Main Connector-34
Removed Pin From Net: NetName=GND Pin=npn-2
Removed Pin From Net: NetName=NetBuf2_2 Pin=npn-3
Removed Pin From Net: NetName=VCC Pin=O1-4
Removed Pin From Net: NetName=BSPD_OR Pin=O1-5
Removed Pin From Net: NetName=VCC Pin=O2-4
Removed Pin From Net: NetName=IMD_OR Pin=O2-5
Removed Pin From Net: NetName=VCC Pin=O3-4
Removed Pin From Net: NetName=BMS_OR Pin=O3-5
Removed Pin From Net: NetName=NetBuf_2 Pin=pnp-2
Removed Pin From Net: NetName=NetPinout_50 Pin=Programming-1
Removed Pin From Net: NetName=NetPinout_49 Pin=Programming-2
Removed Pin From Net: NetName=NetPinout_48 Pin=Programming-3
Removed Pin From Net: NetName=NetPinout_61 Pin=Programming-5
Removed Pin From Net: NetName=NetPinout_51 Pin=Programming-6
Removed Pin From Net: NetName=GND Pin=Programming-7
Removed Pin From Net: NetName=NetB1_2 Pin=R8-1
Removed Pin From Net: NetName=NetB2_2 Pin=R9-1
Removed Pin From Net: NetName=NetB3_2 Pin=R10-1
Removed Pin From Net: NetName=NetB3_2 Pin=R25-2
Removed Pin From Net: NetName=NetB2_2 Pin=R26-2
Removed Pin From Net: NetName=NetB1_2 Pin=R27-2
Removed Pin From Net: NetName=NetFB Button_2 Pin=R80-1
Removed Pin From Net: NetName=NetFB Button_2 Pin=R81-1
Removed Pin From Net: NetName=VCC Pin=Steering-1
Removed Pin From Net: NetName=12V Pin=Steering-2
Removed Pin From Net: NetName=NetR13_1 Pin=Steering-3
Removed Pin From Net: NetName=NetR15_1 Pin=Steering-4
Removed Pin From Net: NetName=NetC5_1 Pin=Steering-5
Removed Pin From Net: NetName=GND Pin=Steering-6
Removed Pin From Net: NetName=NetR12_1 Pin=Steering-7
Removed Pin From Net: NetName=NetR14_1 Pin=Steering-8
Removed Pin From Net: NetName=NetC4_1 Pin=Steering-9
Removed Pin From Net: NetName=NetDisplay_3 Pin=Steering-10
Removed Pin From Net: NetName=NetDisplay_4 Pin=Steering-11
Removed Pin From Net: NetName=NetC2_1 Pin=Steering-13
Removed Pin From Net: NetName=NetC3_1 Pin=Steering-14
Removed Pin From Net: NetName=NetR17_1 Pin=StrBtn-1
Removed Pin From Net: NetName=GND Pin=StrBtn-2
Removed Pin From Net: NetName=NetR96_2 Pin=U1-1
Removed Pin From Net: NetName=NetR99_1 Pin=U1-5
Removed Pin From Net: NetName=NetR95_2 Pin=U1-7
Removed Pin From Net: NetName=GND Pin=U1-8
Removed Pin From Net: NetName=12V Pin=U1-9
Removed Pin From Net: NetName=NetBSPD_2 Pin=U1-10
Removed Pin From Net: NetName=Netc26_1 Pin=U1-12
Removed Pin From Net: NetName=NetBMS_2 Pin=U1-16
Removed Pin From Net: NetName=NetPinout_35 Pin=U2-1
Removed Pin From Net: NetName=NetPinout_31 Pin=U2-2
Removed Pin From Net: NetName=NetPinout_32 Pin=U2-3
Removed Pin From Net: NetName=NetPinout_33 Pin=U2-4
Removed Pin From Net: NetName=NetPinout_34 Pin=U2-5
Removed Pin From Net: NetName=NetPinout_53 Pin=U2-6
Removed Pin From Net: NetName=GND Pin=U2-8
Removed Pin From Net: NetName=12V Pin=U2-9
Removed Pin From Net: NetName=Netbuzzer_1 Pin=U2-11
Removed Pin From Net: NetName=NetR2_1 Pin=U2-15
Removed Pin From Net: NetName=VCC Pin=X1-4
Removed Pin From Net: NetName=BSPD Pin=X1-5
Removed Pin From Net: NetName=VCC Pin=X2-4
Removed Pin From Net: NetName=IMD Pin=X2-5
Removed Pin From Net: NetName=VCC Pin=X3-4
Removed Pin From Net: NetName=BMS Pin=X3-5
Change Component Footprint: Designator=Programming Old Footprint=10PIN-MOLEX New Footprint=SN74AHC1G32DBVR
Change Component Footprint: Designator=FAN Old Footprint=FAN? New Footprint=SN74AHC1G32DBVR
Change Component Footprint: Designator=Main Connector Old Footprint=H? New Footprint=SN74AHC1G32DBVR
Change Component Footprint: Designator=BMS Old Footprint=H_P_LED_? New Footprint=SN74AHC1G32DBVR
Change Component Footprint: Designator=BSPD Old Footprint=H_P_LED_? New Footprint=SN74AHC1G32DBVR
Change Component Footprint: Designator=DTL Old Footprint=H_P_LED_? New Footprint=SN74AHC1G32DBVR
Change Component Footprint: Designator=IMD Old Footprint=H_P_LED_? New Footprint=SN74AHC1G32DBVR
Change Component Footprint: Designator=LED1 Old Footprint=LP T67K-E1G2-25-Z New Footprint=SN74AHC1G32DBVR
Change Component Footprint: Designator=LED2 Old Footprint=LP T67K-E1G2-25-Z New Footprint=SN74AHC1G32DBVR
Change Component Footprint: Designator=LED3 Old Footprint=LP T67K-E1G2-25-Z New Footprint=SN74AHC1G32DBVR
Change Component Footprint: Designator=LED4 Old Footprint=LP T67K-E1G2-25-Z New Footprint=SN74AHC1G32DBVR
Change Component Footprint: Designator=npn Old Footprint=NPN BJT New Footprint=SN74AHC1G32DBVR
Change Component Footprint: Designator=pnp Old Footprint=NPN BJT New Footprint=SN74AHC1G32DBVR
Change Component Footprint: Designator=DC/DC_1 Old Footprint=OKI-78SR-5/1.5-W36-C New Footprint=SN74AHC1G32DBVR
Change Component Footprint: Designator=DC/DC_4 Old Footprint=OKI-78SR-5/1.5-W36-C New Footprint=SN74AHC1G32DBVR
Change Component Footprint: Designator=B1 Old Footprint=PCBCOMPONENT_1 New Footprint=SN74AHC1G32DBVR
Change Component Footprint: Designator=B2 Old Footprint=PCBCOMPONENT_1 New Footprint=SN74AHC1G32DBVR
Change Component Footprint: Designator=B3 Old Footprint=PCBCOMPONENT_1 New Footprint=SN74AHC1G32DBVR
Change Component Footprint: Designator=DC_DC_2 Old Footprint=PCBCOMPONENT_1 New Footprint=SN74AHC1G32DBVR
Change Component Footprint: Designator=Steering Old Footprint=PCBComponent_1 New Footprint=SN74AHC1G32DBVR
Change Component Footprint: Designator=FB Button Old Footprint=PV5S24011 New Footprint=SN74AHC1G32DBVR
Change Component Footprint: Designator=StrBtn Old Footprint=PV5S24011 New Footprint=SN74AHC1G32DBVR
Change Component Footprint: Designator=U1 Old Footprint=ULN2004ADR New Footprint=SN74AHC1G32DBVR
Change Component Footprint: Designator=U2 Old Footprint=ULN2004ADR New Footprint=SN74AHC1G32DBVR
Change Component Comment : Designator=Main Connector Old Comment=1-776230-1 New Comment=SN74AHC1G32DBVR
Change Component Comment : Designator=Steering Old Comment=1-776266-1 New Comment=SN74AHC1G32DBVR
Change Component Comment : Designator=FAN Old Comment=105309-1103 New Comment=SN74AHC1G32DBVR
Change Component Comment : Designator=Programming Old Comment=105310-1110 New Comment=SN74AHC1G32DBVR
Change Component Comment : Designator=npn Old Comment=BC848ALT1G New Comment=SN74AHC1G32DBVR
Change Component Comment : Designator=pnp Old Comment=BC858B New Comment=SN74AHC1G32DBVR
Change Component Comment : Designator=U1 Old Comment=Darlington Transistors Hi-Vltg Hi-Crnt Darl Transistor Arrays New Comment=SN74AHC1G32DBVR
Change Component Comment : Designator=U2 Old Comment=Darlington Transistors Hi-Vltg Hi-Crnt Darl Transistor Arrays New Comment=SN74AHC1G32DBVR
Change Component Comment : Designator=LED1 Old Comment=LP T67K-E1G2-25-Z New Comment=SN74AHC1G32DBVR
Change Component Comment : Designator=LED2 Old Comment=LP T67K-E1G2-25-Z New Comment=SN74AHC1G32DBVR
Change Component Comment : Designator=LED3 Old Comment=LP T67K-E1G2-25-Z New Comment=SN74AHC1G32DBVR
Change Component Comment : Designator=LED4 Old Comment=LP T67K-E1G2-25-Z New Comment=SN74AHC1G32DBVR
Change Component Comment : Designator=BMS Old Comment=LTH3MM12VFR4100 New Comment=SN74AHC1G32DBVR
Change Component Comment : Designator=BSPD Old Comment=LTH3MM12VFR4100 New Comment=SN74AHC1G32DBVR
Change Component Comment : Designator=DTL Old Comment=LTH3MM12VFR4100 New Comment=SN74AHC1G32DBVR
Change Component Comment : Designator=IMD Old Comment=LTH3MM12VFR4100 New Comment=SN74AHC1G32DBVR
Change Component Comment : Designator=DC/DC_1 Old Comment=OKI-78SR-5/1.5-W36-C New Comment=SN74AHC1G32DBVR
Change Component Comment : Designator=DC/DC_4 Old Comment=OKI-78SR-5/1.5-W36-C New Comment=SN74AHC1G32DBVR
Change Component Comment : Designator=FB Button Old Comment=PV5S24011 New Comment=SN74AHC1G32DBVR
Change Component Comment : Designator=StrBtn Old Comment=PV5S24011 New Comment=SN74AHC1G32DBVR
Change Component Comment : Designator=B1 Old Comment=R13-405 New Comment=SN74AHC1G32DBVR
Change Component Comment : Designator=B2 Old Comment=R13-405 New Comment=SN74AHC1G32DBVR
Change Component Comment : Designator=B3 Old Comment=R13-405 New Comment=SN74AHC1G32DBVR
Change Component Comment : Designator=DC_DC_2 Old Comment=R-78C12-1.0 New Comment=SN74AHC1G32DBVR
Added Pin To Net: NetName=VCC Pin=DC/DC_1-4
Added Pin To Net: NetName=24V Pin=DC/DC_1-5
Added Pin To Net: NetName=3.3V Pin=DC/DC_4-4
Added Pin To Net: NetName=24V Pin=DC/DC_4-5
Added Pin To Net: NetName=BSPD_OR Pin=O1-4
Added Pin To Net: NetName=VCC Pin=O1-5
Added Pin To Net: NetName=IMD_OR Pin=O2-4
Added Pin To Net: NetName=VCC Pin=O2-5
Added Pin To Net: NetName=BMS_OR Pin=O3-4
Added Pin To Net: NetName=VCC Pin=O3-5
Added Pin To Net: NetName=GND Pin=pnp-4
Added Pin To Net: NetName=NetPinout_49 Pin=Programming-1
Added Pin To Net: NetName=NetPinout_51 Pin=Programming-3
Added Pin To Net: NetName=NetBMS_2 Pin=R46-1
Added Pin To Net: NetName=NetB1_2 Pin=R47-1
Added Pin To Net: NetName=NetB2_2 Pin=R48-1
Added Pin To Net: NetName=NetB3_2 Pin=R49-1
Added Pin To Net: NetName=NetFB Button_2 Pin=R82-1
Added Pin To Net: NetName=NetFB Button_2 Pin=R83-1
Added Pin To Net: NetName=NetBSPD_2 Pin=R94-1
Added Pin To Net: NetName=NetC3_1 Pin=Steering-4
Added Pin To Net: NetName=NetDisplay_3 Pin=Steering-5
Added Pin To Net: NetName=NetR17_1 Pin=StrBtn-2
Added Pin To Net: NetName=Netbuzzer_1 Pin=U2-4
Added Pin To Net: NetName=NetR2_1 Pin=U2-5
Added Pin To Net: NetName=BSPD Pin=X1-4
Added Pin To Net: NetName=VCC Pin=X1-5
Added Pin To Net: NetName=IMD Pin=X2-4
Added Pin To Net: NetName=VCC Pin=X2-5
Added Pin To Net: NetName=BMS Pin=X3-4
Added Pin To Net: NetName=VCC Pin=X3-5
Added Pin To Net: NetName=NetC27_1 Pin=C27-1
Added Net: Name=NetC27_1
Added Pin To Net: NetName=NetC91_1 Pin=C91-1
Added Net: Name=NetC91_1
Added Pin To Net: NetName=NetIMD_2 Pin=IMD-2
Added Pin To Net: NetName=NetIMD_2 Pin=R45-1
Added Net: Name=NetIMD_2
Added Pin To Net: NetName=NetPinout_4 Pin=Pinout-4
Added Net: Name=NetPinout_4
Added Pin To Net: NetName=NetPinout_58 Pin=Pinout-58
Added Net: Name=NetPinout_58
Added Pin To Net: NetName=NetPinout_59 Pin=Pinout-59
Added Net: Name=NetPinout_59
Added Pin To Net: NetName=NetPinout_60 Pin=Pinout-60
Added Net: Name=NetPinout_60
Added Pin To Net: NetName=NetPinout_63 Pin=Pinout-63
Added Net: Name=NetPinout_63
Added Pin To Net: NetName=NetPinout_64 Pin=Pinout-64
Added Net: Name=NetPinout_64
Added Pin To Net: NetName=NetR8_1 Pin=R8-1
Added Pin To Net: NetName=NetR8_1 Pin=R27-2
Added Net: Name=NetR8_1
Added Pin To Net: NetName=NetR9_1 Pin=R9-1
Added Pin To Net: NetName=NetR9_1 Pin=R26-2
Added Net: Name=NetR9_1
Added Pin To Net: NetName=NetR10_1 Pin=R10-1
Added Pin To Net: NetName=NetR10_1 Pin=R25-2
Added Net: Name=NetR10_1
Added Pin To Net: NetName=NetR36_2 Pin=R36-2
Added Pin To Net: NetName=NetR36_2 Pin=R37-1
Added Net: Name=NetR36_2
Added Pin To Net: NetName=NetR39_2 Pin=R39-2
Added Pin To Net: NetName=NetR39_2 Pin=R41-2
Added Net: Name=NetR39_2
Added Pin To Net: NetName=NetR80_1 Pin=R80-1
Added Pin To Net: NetName=NetR80_1 Pin=R81-1
Added Net: Name=NetR80_1
Added Pin To Net: NetName=NetShutdownButton_1 Pin=ShutdownButton-1
Added Net: Name=NetShutdownButton_1
Added Pin To Net: NetName=NetShutdownButton_2 Pin=ShutdownButton-2
Added Net: Name=NetShutdownButton_2
