Change Component Footprint: Designator=esp Old Footprint= New Footprint=PCBComponent_1
Added Component: Designator=2pin-molex_buzzer(PCBComponent_1)
Add component. Clean all parameters for all variants
Added Component: Designator=Steering(PCBComponent_1)
Add component. Clean all parameters for all variants
Added Pin To Net: NetName=Net2pin-molex_buzzer_1 Pin=2pin-molex_buzzer-1
Added Pin To Net: NetName=12V Pin=2pin-molex_buzzer-2
Added Pin To Net: NetName=VCC Pin=Steering-1
Added Pin To Net: NetName=12V Pin=Steering-2
Added Pin To Net: NetName=GND Pin=Steering-3
Added Pin To Net: NetName=NetPinout_40 Pin=Steering-4
Added Pin To Net: NetName=NetC2_1 Pin=Steering-5
Added Pin To Net: NetName=NetR14_1 Pin=Steering-6
Added Pin To Net: NetName=NetPinout_41 Pin=Steering-7
Added Pin To Net: NetName=NetC3_1 Pin=Steering-9
Added Pin To Net: NetName=NetR15_1 Pin=Steering-10
Added Pin To Net: NetName=NetR13_1 Pin=Steering-11
Added Pin To Net: NetName=NetR12_1 Pin=Steering-12
Added Pin To Net: NetName=NetC5_1 Pin=Steering-13
Added Pin To Net: NetName=NetC4_1 Pin=Steering-14
Added Member To Class: ClassName=Dash Member=Component 2pin-molex_buzzer 105309-1102
Added Member To Class: ClassName=Dash Member=Component Steering 1-776266-1
