Removed Pin From Net: NetName=GND Pin=Steering-3
Removed Pin From Net: NetName=NetMain Connector_1 Pin=Steering-4
Removed Pin From Net: NetName=NetC2_1 Pin=Steering-5
Removed Pin From Net: NetName=NetR14_1 Pin=Steering-6
Removed Pin From Net: NetName=NetMain Connector_2 Pin=Steering-7
Removed Pin From Net: NetName=NetC3_1 Pin=Steering-9
Removed Pin From Net: NetName=NetR15_1 Pin=Steering-10
Removed Pin From Net: NetName=NetR13_1 Pin=Steering-11
Removed Pin From Net: NetName=NetR12_1 Pin=Steering-12
Removed Pin From Net: NetName=NetC5_1 Pin=Steering-13
Removed Pin From Net: NetName=NetC4_1 Pin=Steering-14
Added Pin To Net: NetName=NetR13_1 Pin=Steering-3
Added Pin To Net: NetName=NetR15_1 Pin=Steering-4
Added Pin To Net: NetName=NetC5_1 Pin=Steering-5
Added Pin To Net: NetName=GND Pin=Steering-6
Added Pin To Net: NetName=NetR12_1 Pin=Steering-7
Added Pin To Net: NetName=NetR14_1 Pin=Steering-8
Added Pin To Net: NetName=NetC4_1 Pin=Steering-9
Added Pin To Net: NetName=NetMain Connector_2 Pin=Steering-10
Added Pin To Net: NetName=NetMain Connector_1 Pin=Steering-11
Added Pin To Net: NetName=NetC2_1 Pin=Steering-13
Added Pin To Net: NetName=NetC3_1 Pin=Steering-14
