Added Component: Designator=Pinout(18x15 rectangular pin)
Add component. Clean all parameters for all variants
Added Pin To Net: NetName=GND Pin=Pinout-1
Added Pin To Net: NetName=Net6473418-2_15 Pin=Pinout-2
Added Pin To Net: NetName=Net6473418-2_8 Pin=Pinout-3
Added Pin To Net: NetName=Net6473418-2_16 Pin=Pinout-4
Added Pin To Net: NetName=Net6473418-2_9 Pin=Pinout-5
Added Pin To Net: NetName=Net6473418-2_17 Pin=Pinout-6
Added Pin To Net: NetName=Net6473418-2_18 Pin=Pinout-7
Added Pin To Net: NetName=Net6473418-2_11 Pin=Pinout-8
Added Pin To Net: NetName=Net6473418-2_19 Pin=Pinout-9
Added Pin To Net: NetName=Net6473418-2_12 Pin=Pinout-10
Added Pin To Net: NetName=Net6473418-2_13 Pin=Pinout-11
Added Pin To Net: NetName=NetA10_2 Pin=Pinout-12
Added Pin To Net: NetName=NetA11_2 Pin=Pinout-13
Added Pin To Net: NetName=NetA12_2 Pin=Pinout-14
Added Pin To Net: NetName=NetA13_2 Pin=Pinout-15
Added Pin To Net: NetName=NetA14_2 Pin=Pinout-16
Added Pin To Net: NetName=NetA15_2 Pin=Pinout-17
Added Pin To Net: NetName=VCC Pin=Pinout-18
Added Pin To Net: NetName=NetC8_1 Pin=Pinout-19
Added Pin To Net: NetName=NetC9_1 Pin=Pinout-20
Added Pin To Net: NetName=NetC10_1 Pin=Pinout-21
Added Pin To Net: NetName=NetC11_1 Pin=Pinout-22
Added Pin To Net: NetName=NetC12_1 Pin=Pinout-23
Added Pin To Net: NetName=NetPinout_24 Pin=Pinout-24
Added Pin To Net: NetName=NetPinout_25 Pin=Pinout-25
Added Pin To Net: NetName=NetC13_1 Pin=Pinout-26
Added Pin To Net: NetName=NetC14_1 Pin=Pinout-27
Added Pin To Net: NetName=NetC15_1 Pin=Pinout-28
Added Pin To Net: NetName=NetC16_1 Pin=Pinout-29
Added Pin To Net: NetName=NetC17_1 Pin=Pinout-30
Added Pin To Net: NetName=NetPinout_31 Pin=Pinout-31
Added Pin To Net: NetName=NetPinout_32 Pin=Pinout-32
Added Pin To Net: NetName=NetPinout_33 Pin=Pinout-33
Added Pin To Net: NetName=NetPinout_34 Pin=Pinout-34
Added Pin To Net: NetName=NetPinout_35 Pin=Pinout-35
Added Pin To Net: NetName=NetPinout_36 Pin=Pinout-36
Added Pin To Net: NetName=NetPinout_37 Pin=Pinout-37
Added Pin To Net: NetName=NetPinout_38 Pin=Pinout-38
Added Pin To Net: NetName=NetPinout_39 Pin=Pinout-39
Added Pin To Net: NetName=NetPinout_40 Pin=Pinout-40
Added Pin To Net: NetName=NetPinout_41 Pin=Pinout-41
Added Pin To Net: NetName=NetPinout_42 Pin=Pinout-42
Added Pin To Net: NetName=NetPinout_43 Pin=Pinout-43
Added Pin To Net: NetName=NetPinout_44 Pin=Pinout-44
Added Pin To Net: NetName=NetPinout_45 Pin=Pinout-45
Added Pin To Net: NetName=NetPinout_46 Pin=Pinout-46
Added Pin To Net: NetName=NetPinout_47 Pin=Pinout-47
Added Pin To Net: NetName=NetPinout_48 Pin=Pinout-48
Added Pin To Net: NetName=NetPinout_49 Pin=Pinout-49
Added Pin To Net: NetName=NetPinout_50 Pin=Pinout-50
Added Pin To Net: NetName=NetPinout_51 Pin=Pinout-51
Added Pin To Net: NetName=NetPinout_52 Pin=Pinout-52
Added Pin To Net: NetName=NetPinout_53 Pin=Pinout-53
Added Pin To Net: NetName=Net4-pin-molex-ultra_2 Pin=Pinout-54
Added Pin To Net: NetName=Net4-pin-molex-ultra_1 Pin=Pinout-55
Added Pin To Net: NetName=GND Pin=Pinout-56
Added Pin To Net: NetName=NetFAN1_2 Pin=Pinout-57
Added Pin To Net: NetName=NetH1_2 Pin=Pinout-58
Added Pin To Net: NetName=NetH1_3 Pin=Pinout-59
Added Pin To Net: NetName=NetH1_4 Pin=Pinout-60
Added Pin To Net: NetName=NetH1_5 Pin=Pinout-61
Added Member To Class: ClassName=Dash Member=Component Pinout Aristuino_pinout
