Removed Pin From Net: NetName=NetB1_2 Pin=R8-1
Removed Pin From Net: NetName=NetB2_2 Pin=R9-1
Removed Pin From Net: NetName=NetB3_2 Pin=R10-1
Added Pin To Net: NetName=NetC17_1 Pin=R8-1
Added Pin To Net: NetName=NetC16_1 Pin=R9-1
Added Pin To Net: NetName=NetC15_1 Pin=R10-1
Added Pin To Net: NetName=NetC13_1 Pin=R12-1
Added Pin To Net: NetName=NetC12_1 Pin=R13-1
Added Pin To Net: NetName=NetC11_1 Pin=R14-1
Added Pin To Net: NetName=NetC10_1 Pin=R15-1
Added Pin To Net: NetName=NetR20_2 Pin=R20-2
Added Pin To Net: NetName=NetR20_2 Pin=Steering-4
Added Net: Name=NetR20_2
Added Pin To Net: NetName=NetR21_2 Pin=R21-2
Added Pin To Net: NetName=NetR21_2 Pin=Steering-8
Added Net: Name=NetR21_2
Added Pin To Net: NetName=NetR22_2 Pin=R22-2
Added Pin To Net: NetName=NetR22_2 Pin=Steering-3
Added Net: Name=NetR22_2
Added Pin To Net: NetName=NetR23_2 Pin=R23-2
Added Pin To Net: NetName=NetR23_2 Pin=Steering-7
Added Net: Name=NetR23_2
