Removed Pin From Net: NetName=Net6473418-2_9 Pin=A2-1
Removed Pin From Net: NetName=Net6473418-2_10 Pin=A3-1
Removed Pin From Net: NetName=Net6473418-2_11 Pin=A4-1
Removed Pin From Net: NetName=Net6473418-2_12 Pin=A5-1
Removed Pin From Net: NetName=Net6473418-2_14 Pin=C1-1
Removed Pin From Net: NetName=Net6473418-2_16 Pin=C3-1
Removed Pin From Net: NetName=Net6473418-2_18 Pin=C5-1
Removed Pin From Net: NetName=Net6473418-2_9 Pin=Pinout-4
Removed Pin From Net: NetName=Net6473418-2_10 Pin=Pinout-5
Removed Pin From Net: NetName=Net6473418-2_11 Pin=Pinout-6
Removed Pin From Net: NetName=Net6473418-2_12 Pin=Pinout-7
Removed Pin From Net: NetName=Net6473418-2_14 Pin=R1-2
Removed Pin From Net: NetName=Net6473418-2_16 Pin=R3-2
Removed Pin From Net: NetName=Net6473418-2_18 Pin=R5-2
Added Pin To Net: NetName=Net6473418-2_7 Pin=6473418-2-15
Added Pin To Net: NetName=Net6473418-2_24 Pin=6473418-2-19
Added Pin To Net: NetName=Net6473418-2_16 Pin=A2-1
Added Pin To Net: NetName=Net6473418-2_9 Pin=A3-1
Added Pin To Net: NetName=Net6473418-2_14 Pin=A4-1
Added Pin To Net: NetName=Net6473418-2_11 Pin=A5-1
Added Pin To Net: NetName=Net6473418-2_18 Pin=A6-1
Added Pin To Net: NetName=Net6473418-2_12 Pin=A7-1
Added Pin To Net: NetName=Net6473418-2_10 Pin=A9-2
Added Pin To Net: NetName=Net6473418-2_16 Pin=Pinout-4
Added Pin To Net: NetName=Net6473418-2_9 Pin=Pinout-5
Added Pin To Net: NetName=Net6473418-2_14 Pin=Pinout-6
Added Pin To Net: NetName=Net6473418-2_11 Pin=Pinout-7
Added Pin To Net: NetName=Net6473418-2_18 Pin=Pinout-8
Added Pin To Net: NetName=Net6473418-2_12 Pin=Pinout-9
Added Pin To Net: NetName=Net6473418-2_10 Pin=Pinout-11
Change Net Name : Old Net Name=Net6473418-2_24 New Net Name=Net6473418-2_19
Added Pin To Net: NetName=NetC1_1 Pin=C1-1
Added Pin To Net: NetName=NetC1_1 Pin=R1-2
Added Net: Name=NetC1_1
Added Pin To Net: NetName=NetC2_1 Pin=C2-1
Added Pin To Net: NetName=NetC2_1 Pin=R2-2
Added Net: Name=NetC2_1
Added Pin To Net: NetName=NetC3_1 Pin=C3-1
Added Pin To Net: NetName=NetC3_1 Pin=R3-2
Added Net: Name=NetC3_1
Added Pin To Net: NetName=NetC5_1 Pin=C5-1
Added Pin To Net: NetName=NetC5_1 Pin=R5-2
Added Net: Name=NetC5_1
Added Pin To Net: NetName=NetC6_1 Pin=C6-1
Added Pin To Net: NetName=NetC6_1 Pin=R6-2
Added Net: Name=NetC6_1
