Removed Pin From Net: NetName=Net6473418-2_14 Pin=C1-1
Removed Pin From Net: NetName=Net6473418-2_14 Pin=R1-2
Added Pin To Net: NetName=Net6473418-2_1 Pin=ULN2004ADR2-16
Added Pin To Net: NetName=Net6473418-2_2 Pin=6473418-2-2
Added Pin To Net: NetName=Net6473418-2_2 Pin=ULN2004ADR2-15
Added Net: Name=Net6473418-2_2
Added Pin To Net: NetName=Net6473418-2_3 Pin=6473418-2-3
Added Pin To Net: NetName=Net6473418-2_3 Pin=ULN2004ADR2-14
Added Net: Name=Net6473418-2_3
Added Pin To Net: NetName=Net6473418-2_4 Pin=6473418-2-4
Added Pin To Net: NetName=Net6473418-2_4 Pin=ULN2004ADR2-13
Added Net: Name=Net6473418-2_4
Added Pin To Net: NetName=Net6473418-2_5 Pin=6473418-2-5
Added Pin To Net: NetName=Net6473418-2_5 Pin=ULN2004ADR2-12
Added Net: Name=Net6473418-2_5
Added Pin To Net: NetName=Net6473418-2_6 Pin=6473418-2-6
Added Pin To Net: NetName=Net6473418-2_6 Pin=ULN2004ADR2-11
Added Net: Name=Net6473418-2_6
Added Pin To Net: NetName=NetC1_1 Pin=C1-1
Added Pin To Net: NetName=NetC1_1 Pin=R1-2
Added Net: Name=NetC1_1
Added Pin To Net: NetName=NetC2_1 Pin=C2-1
Added Pin To Net: NetName=NetC2_1 Pin=R2-2
Added Net: Name=NetC2_1
Added Pin To Net: NetName=NetC3_1 Pin=C3-1
Added Pin To Net: NetName=NetC3_1 Pin=R3-2
Added Net: Name=NetC3_1
Added Pin To Net: NetName=NetC4_1 Pin=C4-1
Added Pin To Net: NetName=NetC4_1 Pin=R4-2
Added Net: Name=NetC4_1
Added Pin To Net: NetName=NetC5_1 Pin=C5-1
Added Pin To Net: NetName=NetC5_1 Pin=R5-2
Added Net: Name=NetC5_1
Added Pin To Net: NetName=NetC6_1 Pin=C6-1
Added Pin To Net: NetName=NetC6_1 Pin=R6-2
Added Net: Name=NetC6_1
Added Room: Name=Dash
