Removed Pin From Net: NetName=Reg Pin=6473418-2_1-24
Removed Pin From Net: NetName=Reg Pin=6473418-2_1-25
Removed Pin From Net: NetName=Reg Pin=6473418-2_1-26
Removed Pin From Net: NetName=Net6473418-2_6 Pin=ULN2004ADR2-11
Removed Pin From Net: NetName=Net6473418-2_5 Pin=ULN2004ADR2-12
Removed Pin From Net: NetName=Net6473418-2_4 Pin=ULN2004ADR2-13
Removed Pin From Net: NetName=Net6473418-2_3 Pin=ULN2004ADR2-14
Removed Pin From Net: NetName=Net6473418-2_2 Pin=ULN2004ADR2-15
Removed Pin From Net: NetName=Net6473418-2_1 Pin=ULN2004ADR2-16
Added Pin To Net: NetName=24V Pin=6473418-2_1-26
Added Pin To Net: NetName=Net6473418-2_1 Pin=ULN2004ADR2-11
Added Pin To Net: NetName=Net6473418-2_2 Pin=ULN2004ADR2-12
Added Pin To Net: NetName=Net6473418-2_3 Pin=ULN2004ADR2-13
Added Pin To Net: NetName=Net6473418-2_4 Pin=ULN2004ADR2-14
Added Pin To Net: NetName=Net6473418-2_5 Pin=ULN2004ADR2-15
Added Pin To Net: NetName=Net6473418-2_6 Pin=ULN2004ADR2-16
Added Member To Class: ClassName=Dash Member=Component H_P_LED_1 LTH3MM12VFR4100
Added Member To Class: ClassName=Dash Member=Component H_P_LED_2 LTH3MM12VFR4100
Added Member To Class: ClassName=Dash Member=Component H_P_LED_3 LTH3MM12VFR4100
Added Room: Name=Dash
