Removed Pin From Net: NetName=Net6473418-2_7 Pin=A0-1
Removed Pin From Net: NetName=Net6473418-2_8 Pin=A1-1
Removed Pin From Net: NetName=Net6473418-2_9 Pin=A2-1
Removed Pin From Net: NetName=Net6473418-2_11 Pin=A4-1
Removed Pin From Net: NetName=Net6473418-2_12 Pin=A5-1
Removed Pin From Net: NetName=Net6473418-2_13 Pin=A6-1
Removed Pin From Net: NetName=Net6473418-2_7 Pin=Pinout-2
Removed Pin From Net: NetName=Net6473418-2_8 Pin=Pinout-3
Removed Pin From Net: NetName=Net6473418-2_9 Pin=Pinout-4
Removed Pin From Net: NetName=Net6473418-2_11 Pin=Pinout-6
Removed Pin From Net: NetName=Net6473418-2_12 Pin=Pinout-7
Removed Pin From Net: NetName=Net6473418-2_13 Pin=Pinout-8
Added Pin To Net: NetName=Net6473418-2_13 Pin=A0-1
Added Pin To Net: NetName=Net6473418-2_12 Pin=A1-1
Added Pin To Net: NetName=Net6473418-2_11 Pin=A2-1
Added Pin To Net: NetName=Net6473418-2_9 Pin=A4-1
Added Pin To Net: NetName=Net6473418-2_8 Pin=A5-1
Added Pin To Net: NetName=Net6473418-2_7 Pin=A6-1
Added Pin To Net: NetName=Net6473418-2_13 Pin=Pinout-2
Added Pin To Net: NetName=Net6473418-2_12 Pin=Pinout-3
Added Pin To Net: NetName=Net6473418-2_11 Pin=Pinout-4
Added Pin To Net: NetName=Net6473418-2_9 Pin=Pinout-6
Added Pin To Net: NetName=Net6473418-2_8 Pin=Pinout-7
Added Pin To Net: NetName=Net6473418-2_7 Pin=Pinout-8
Added Pin To Net: NetName=Net6473418-2_25 Pin=6473418-2-25
Added Pin To Net: NetName=Net6473418-2_25 Pin=A7-1
Added Pin To Net: NetName=Net6473418-2_25 Pin=Pinout-9
Added Net: Name=Net6473418-2_25
Added Room: Name=Dash
