Removed Pin From Net: NetName=GND Pin=6473418-2_1-6
Removed Pin From Net: NetName=GND Pin=6473418-2_1-7
Removed Pin From Net: NetName=GND Pin=6473418-2_1-8
Removed Pin From Net: NetName=GND Pin=6473418-2_1-8
Removed Pin From Net: NetName=24V Pin=6473418-2_1-26
Added Pin To Net: NetName=24V Pin=6473418-2_1-13
Added Pin To Net: NetName=GND Pin=6473418-2_1-19
Added Pin To Net: NetName=Net6473418-2_1_20 Pin=6473418-2_1-20
Added Pin To Net: NetName=Net6473418-2_1_20 Pin=R17-1
Added Pin To Net: NetName=Net6473418-2_1_20 Pin=R18-2
Added Net: Name=Net6473418-2_1_20
Added Pin To Net: NetName=Net6473418-2_1_21 Pin=6473418-2_1-21
Added Net: Name=Net6473418-2_1_21
Added Pin To Net: NetName=Net6473418-2_1_22 Pin=6473418-2_1-22
Added Pin To Net: NetName=Net6473418-2_1_22 Pin=R15-1
Added Pin To Net: NetName=Net6473418-2_1_22 Pin=R20-2
Added Net: Name=Net6473418-2_1_22
Added Pin To Net: NetName=Net6473418-2_1_23 Pin=6473418-2_1-23
Added Pin To Net: NetName=Net6473418-2_1_23 Pin=R14-1
Added Pin To Net: NetName=Net6473418-2_1_23 Pin=R21-2
Added Net: Name=Net6473418-2_1_23
Added Pin To Net: NetName=Net6473418-2_1_24 Pin=6473418-2_1-24
Added Pin To Net: NetName=Net6473418-2_1_24 Pin=R13-1
Added Pin To Net: NetName=Net6473418-2_1_24 Pin=R22-2
Added Net: Name=Net6473418-2_1_24
Added Pin To Net: NetName=Net6473418-2_1_25 Pin=6473418-2_1-25
Added Pin To Net: NetName=Net6473418-2_1_25 Pin=R12-1
Added Pin To Net: NetName=Net6473418-2_1_25 Pin=R23-2
Added Net: Name=Net6473418-2_1_25
Added Pin To Net: NetName=Net6473418-2_1_26 Pin=6473418-2_1-26
Added Pin To Net: NetName=Net6473418-2_1_26 Pin=R11-1
Added Pin To Net: NetName=Net6473418-2_1_26 Pin=R24-2
Added Net: Name=Net6473418-2_1_26
Added Pin To Net: NetName=NetR16_1 Pin=R16-1
Added Pin To Net: NetName=NetR16_1 Pin=R19-2
Added Net: Name=NetR16_1
Added Member To Class: ClassName=Dash Member=Component 6473418-2_1 Automotive Connectors SUPER SEAL 26POS CAP ASSY V AU
Added Member To Class: ClassName=Dash Member=Component R26 0805
Added Room: Name=Dash
